<?xml version="1.0" encoding="UTF-8"?>
<testsuite name="com.reactivespring.controller.MoviesInfoControllerTest" tests="1" skipped="0" failures="0" errors="0" timestamp="2022-03-06T13:13:28" hostname="C02G84QEMD6M.local" time="0.915">
  <properties/>
  <testcase name="callGetMovieInfosEndpointByYearAndReturnTwoRelatedTestData()" classname="com.reactivespring.controller.MoviesInfoControllerTest" time="0.915"/>
  <system-out><![CDATA[14:13:24.548 [Test worker] DEBUG org.springframework.test.context.BootstrapUtils - Instantiating CacheAwareContextLoaderDelegate from class [org.springframework.test.context.cache.DefaultCacheAwareContextLoaderDelegate]
14:13:24.555 [Test worker] DEBUG org.springframework.test.context.BootstrapUtils - Instantiating BootstrapContext using constructor [public org.springframework.test.context.support.DefaultBootstrapContext(java.lang.Class,org.springframework.test.context.CacheAwareContextLoaderDelegate)]
14:13:24.579 [Test worker] DEBUG org.springframework.test.context.BootstrapUtils - Instantiating TestContextBootstrapper for test class [com.reactivespring.controller.MoviesInfoControllerTest] from class [org.springframework.boot.test.context.SpringBootTestContextBootstrapper]
14:13:24.588 [Test worker] INFO org.springframework.boot.test.context.SpringBootTestContextBootstrapper - Neither @ContextConfiguration nor @ContextHierarchy found for test class [com.reactivespring.controller.MoviesInfoControllerTest], using SpringBootContextLoader
14:13:24.591 [Test worker] DEBUG org.springframework.test.context.support.AbstractContextLoader - Did not detect default resource location for test class [com.reactivespring.controller.MoviesInfoControllerTest]: class path resource [com/reactivespring/controller/MoviesInfoControllerTest-context.xml] does not exist
14:13:24.592 [Test worker] DEBUG org.springframework.test.context.support.AbstractContextLoader - Did not detect default resource location for test class [com.reactivespring.controller.MoviesInfoControllerTest]: class path resource [com/reactivespring/controller/MoviesInfoControllerTestContext.groovy] does not exist
14:13:24.592 [Test worker] INFO org.springframework.test.context.support.AbstractContextLoader - Could not detect default resource locations for test class [com.reactivespring.controller.MoviesInfoControllerTest]: no resource found for suffixes {-context.xml, Context.groovy}.
14:13:24.592 [Test worker] INFO org.springframework.test.context.support.AnnotationConfigContextLoaderUtils - Could not detect default configuration classes for test class [com.reactivespring.controller.MoviesInfoControllerTest]: MoviesInfoControllerTest does not declare any static, non-private, non-final, nested classes annotated with @Configuration.
14:13:24.694 [Test worker] DEBUG org.springframework.context.annotation.ClassPathScanningCandidateComponentProvider - Identified candidate component class: file [/Users/weinber.krisztian/Documents/learning/backend-bootcamp/Reactive MicroServices/codebase/reactive-spring-webflux-main/movies-info-service/build/classes/java/main/com/reactivespring/MoviesInfoServiceApplication.class]
14:13:24.695 [Test worker] INFO org.springframework.boot.test.context.SpringBootTestContextBootstrapper - Found @SpringBootConfiguration com.reactivespring.MoviesInfoServiceApplication for test class com.reactivespring.controller.MoviesInfoControllerTest
14:13:24.773 [Test worker] DEBUG org.springframework.boot.test.context.SpringBootTestContextBootstrapper - @TestExecutionListeners is not present for class [com.reactivespring.controller.MoviesInfoControllerTest]: using defaults.
14:13:24.773 [Test worker] INFO org.springframework.boot.test.context.SpringBootTestContextBootstrapper - Loaded default TestExecutionListener class names from location [META-INF/spring.factories]: [org.springframework.boot.test.autoconfigure.restdocs.RestDocsTestExecutionListener, org.springframework.boot.test.autoconfigure.web.client.MockRestServiceServerResetTestExecutionListener, org.springframework.boot.test.autoconfigure.web.servlet.MockMvcPrintOnlyOnFailureTestExecutionListener, org.springframework.boot.test.autoconfigure.web.servlet.WebDriverTestExecutionListener, org.springframework.boot.test.autoconfigure.webservices.client.MockWebServiceServerTestExecutionListener, org.springframework.boot.test.mock.mockito.MockitoTestExecutionListener, org.springframework.boot.test.mock.mockito.ResetMocksTestExecutionListener, org.springframework.test.context.web.ServletTestExecutionListener, org.springframework.test.context.support.DirtiesContextBeforeModesTestExecutionListener, org.springframework.test.context.event.ApplicationEventsTestExecutionListener, org.springframework.test.context.support.DependencyInjectionTestExecutionListener, org.springframework.test.context.support.DirtiesContextTestExecutionListener, org.springframework.test.context.transaction.TransactionalTestExecutionListener, org.springframework.test.context.jdbc.SqlScriptsTestExecutionListener, org.springframework.test.context.event.EventPublishingTestExecutionListener]
14:13:24.781 [Test worker] DEBUG org.springframework.boot.test.context.SpringBootTestContextBootstrapper - Skipping candidate TestExecutionListener [org.springframework.test.context.web.ServletTestExecutionListener] due to a missing dependency. Specify custom listener classes or make the default listener classes and their required dependencies available. Offending class: [javax/servlet/ServletContext]
14:13:24.789 [Test worker] INFO org.springframework.boot.test.context.SpringBootTestContextBootstrapper - Using TestExecutionListeners: [org.springframework.test.context.support.DirtiesContextBeforeModesTestExecutionListener@5cad8b7d, org.springframework.test.context.event.ApplicationEventsTestExecutionListener@7b02e036, org.springframework.boot.test.mock.mockito.MockitoTestExecutionListener@25243bc1, org.springframework.boot.test.autoconfigure.SpringBootDependencyInjectionTestExecutionListener@1e287667, org.springframework.test.context.support.DirtiesContextTestExecutionListener@2e6ee0bc, org.springframework.test.context.transaction.TransactionalTestExecutionListener@4201a617, org.springframework.test.context.jdbc.SqlScriptsTestExecutionListener@467f77a5, org.springframework.test.context.event.EventPublishingTestExecutionListener@1bb9aa43, org.springframework.boot.test.autoconfigure.restdocs.RestDocsTestExecutionListener@420bc288, org.springframework.boot.test.autoconfigure.web.client.MockRestServiceServerResetTestExecutionListener@df5f5c0, org.springframework.boot.test.autoconfigure.web.servlet.MockMvcPrintOnlyOnFailureTestExecutionListener@308a6984, org.springframework.boot.test.autoconfigure.web.servlet.WebDriverTestExecutionListener@66b72664, org.springframework.boot.test.autoconfigure.webservices.client.MockWebServiceServerTestExecutionListener@7a34b7b8, org.springframework.boot.test.mock.mockito.ResetMocksTestExecutionListener@58cd06cb]
14:13:24.793 [Test worker] DEBUG org.springframework.test.context.support.AbstractDirtiesContextTestExecutionListener - Before test class: context [DefaultTestContext@79ab3a71 testClass = MoviesInfoControllerTest, testInstance = [null], testMethod = [null], testException = [null], mergedContextConfiguration = [ReactiveWebMergedContextConfiguration@6e5bfdfc testClass = MoviesInfoControllerTest, locations = '{}', classes = '{class com.reactivespring.MoviesInfoServiceApplication}', contextInitializerClasses = '[]', activeProfiles = '{test}', propertySourceLocations = '{}', propertySourceProperties = '{org.springframework.boot.test.context.SpringBootTestContextBootstrapper=true, server.port=0}', contextCustomizers = set[org.springframework.boot.test.autoconfigure.actuate.metrics.MetricsExportContextCustomizerFactory$DisableMetricExportContextCustomizer@10993713, org.springframework.boot.test.autoconfigure.properties.PropertyMappingContextCustomizer@ec54a5c9, org.springframework.boot.test.autoconfigure.web.servlet.WebDriverContextCustomizerFactory$Customizer@7b324585, [ImportsContextCustomizer@3d829787 key = [org.springframework.boot.autoconfigure.security.oauth2.client.reactive.ReactiveOAuth2ClientAutoConfiguration, org.springframework.boot.autoconfigure.security.oauth2.resource.reactive.ReactiveOAuth2ResourceServerAutoConfiguration, org.springframework.boot.autoconfigure.security.reactive.ReactiveSecurityAutoConfiguration, org.springframework.boot.autoconfigure.security.reactive.ReactiveUserDetailsServiceAutoConfiguration, org.springframework.boot.test.autoconfigure.web.reactive.WebTestClientAutoConfiguration]], org.springframework.boot.test.context.filter.ExcludeFilterContextCustomizer@388ba540, org.springframework.boot.test.json.DuplicateJsonObjectContextCustomizerFactory$DuplicateJsonObjectContextCustomizer@1dd0e7c4, org.springframework.boot.test.mock.mockito.MockitoContextCustomizer@0, org.springframework.boot.test.web.client.TestRestTemplateContextCustomizer@5b7ea70d, org.springframework.boot.test.web.reactive.server.WebTestClientContextCustomizer@71b3bc45, org.springframework.boot.test.context.SpringBootTestArgs@1, org.springframework.boot.test.context.SpringBootTestWebEnvironment@76b07f29], contextLoader = 'org.springframework.boot.test.context.SpringBootContextLoader', parent = [null]], attributes = map['org.springframework.test.context.web.ServletTestExecutionListener.activateListener' -> false]], class annotated with @DirtiesContext [false] with mode [null].
14:13:24.803 [Test worker] DEBUG org.springframework.test.context.support.DependencyInjectionTestExecutionListener - Performing dependency injection for test context [[DefaultTestContext@79ab3a71 testClass = MoviesInfoControllerTest, testInstance = com.reactivespring.controller.MoviesInfoControllerTest@50cf5a23, testMethod = [null], testException = [null], mergedContextConfiguration = [ReactiveWebMergedContextConfiguration@6e5bfdfc testClass = MoviesInfoControllerTest, locations = '{}', classes = '{class com.reactivespring.MoviesInfoServiceApplication}', contextInitializerClasses = '[]', activeProfiles = '{test}', propertySourceLocations = '{}', propertySourceProperties = '{org.springframework.boot.test.context.SpringBootTestContextBootstrapper=true, server.port=0}', contextCustomizers = set[org.springframework.boot.test.autoconfigure.actuate.metrics.MetricsExportContextCustomizerFactory$DisableMetricExportContextCustomizer@10993713, org.springframework.boot.test.autoconfigure.properties.PropertyMappingContextCustomizer@ec54a5c9, org.springframework.boot.test.autoconfigure.web.servlet.WebDriverContextCustomizerFactory$Customizer@7b324585, [ImportsContextCustomizer@3d829787 key = [org.springframework.boot.autoconfigure.security.oauth2.client.reactive.ReactiveOAuth2ClientAutoConfiguration, org.springframework.boot.autoconfigure.security.oauth2.resource.reactive.ReactiveOAuth2ResourceServerAutoConfiguration, org.springframework.boot.autoconfigure.security.reactive.ReactiveSecurityAutoConfiguration, org.springframework.boot.autoconfigure.security.reactive.ReactiveUserDetailsServiceAutoConfiguration, org.springframework.boot.test.autoconfigure.web.reactive.WebTestClientAutoConfiguration]], org.springframework.boot.test.context.filter.ExcludeFilterContextCustomizer@388ba540, org.springframework.boot.test.json.DuplicateJsonObjectContextCustomizerFactory$DuplicateJsonObjectContextCustomizer@1dd0e7c4, org.springframework.boot.test.mock.mockito.MockitoContextCustomizer@0, org.springframework.boot.test.web.client.TestRestTemplateContextCustomizer@5b7ea70d, org.springframework.boot.test.web.reactive.server.WebTestClientContextCustomizer@71b3bc45, org.springframework.boot.test.context.SpringBootTestArgs@1, org.springframework.boot.test.context.SpringBootTestWebEnvironment@76b07f29], contextLoader = 'org.springframework.boot.test.context.SpringBootContextLoader', parent = [null]], attributes = map['org.springframework.test.context.web.ServletTestExecutionListener.activateListener' -> false, 'org.springframework.test.context.event.ApplicationEventsTestExecutionListener.recordApplicationEvents' -> false]]].
14:13:24.824 [Test worker] DEBUG org.springframework.core.env.StandardEnvironment - Activating profiles [test]
14:13:24.829 [Test worker] DEBUG org.springframework.test.context.support.TestPropertySourceUtils - Adding inlined properties to environment: {spring.jmx.enabled=false, org.springframework.boot.test.context.SpringBootTestContextBootstrapper=true, server.port=0}

  .   ____          _            __ _ _
 /\\ / ___'_ __ _ _(_)_ __  __ _ \ \ \ \
( ( )\___ | '_ | '_| | '_ \/ _` | \ \ \ \
 \\/  ___)| |_)| | | | | || (_| |  ) ) ) )
  '  |____| .__|_| |_|_| |_\__, | / / / /
 =========|_|==============|___/=/_/_/_/
 :: Spring Boot ::                (v2.5.3)

2022-03-06 14:13:25.112  INFO 95117 --- [    Test worker] c.r.controller.MoviesInfoControllerTest  : Starting MoviesInfoControllerTest using Java 11.0.11 on C02G84QEMD6M.local with PID 95117 (started by weinber.krisztian in /Users/weinber.krisztian/Documents/learning/backend-bootcamp/Reactive MicroServices/codebase/reactive-spring-webflux-main/movies-info-service)
2022-03-06 14:13:25.112  INFO 95117 --- [    Test worker] c.r.controller.MoviesInfoControllerTest  : The following profiles are active: test
2022-03-06 14:13:25.512  INFO 95117 --- [    Test worker] .s.d.r.c.RepositoryConfigurationDelegate : Bootstrapping Spring Data Reactive MongoDB repositories in DEFAULT mode.
2022-03-06 14:13:25.654  INFO 95117 --- [    Test worker] .s.d.r.c.RepositoryConfigurationDelegate : Finished Spring Data repository scanning in 138 ms. Found 1 Reactive MongoDB repository interfaces.
2022-03-06 14:13:26.891  INFO 95117 --- [       Thread-5] o.s.b.a.mongo.embedded.EmbeddedMongo     : note: noprealloc may hurt performance in many applications
2022-03-06 14:13:26.898  INFO 95117 --- [       Thread-5] o.s.b.a.mongo.embedded.EmbeddedMongo     : 2022-03-06T14:13:26.897+0100 I CONTROL  [initandlisten] MongoDB starting : pid=95122 port=64395 dbpath=/var/folders/gr/s0326c295y702kjkm4_nvc940000gn/T/embedmongo-db-c2fc69f5-383e-413d-bf82-488475394047 64-bit host=C02G84QEMD6M.local
2022-03-06 14:13:26.898  INFO 95117 --- [       Thread-5] o.s.b.a.mongo.embedded.EmbeddedMongo     : 2022-03-06T14:13:26.898+0100 I CONTROL  [initandlisten] db version v3.5.5
2022-03-06 14:13:26.899  INFO 95117 --- [       Thread-5] o.s.b.a.mongo.embedded.EmbeddedMongo     : 2022-03-06T14:13:26.898+0100 I CONTROL  [initandlisten] git version: 98515c812b6fa893613f063dae568ff8319cbfbd
2022-03-06 14:13:26.899  INFO 95117 --- [       Thread-5] o.s.b.a.mongo.embedded.EmbeddedMongo     : 2022-03-06T14:13:26.898+0100 I CONTROL  [initandlisten] allocator: system
2022-03-06 14:13:26.899  INFO 95117 --- [       Thread-5] o.s.b.a.mongo.embedded.EmbeddedMongo     : 2022-03-06T14:13:26.898+0100 I CONTROL  [initandlisten] modules: none
2022-03-06 14:13:26.899  INFO 95117 --- [       Thread-5] o.s.b.a.mongo.embedded.EmbeddedMongo     : 2022-03-06T14:13:26.898+0100 I CONTROL  [initandlisten] build environment:
2022-03-06 14:13:26.899  INFO 95117 --- [       Thread-5] o.s.b.a.mongo.embedded.EmbeddedMongo     : 2022-03-06T14:13:26.898+0100 I CONTROL  [initandlisten]     distarch: x86_64
2022-03-06 14:13:26.899  INFO 95117 --- [       Thread-5] o.s.b.a.mongo.embedded.EmbeddedMongo     : 2022-03-06T14:13:26.898+0100 I CONTROL  [initandlisten]     target_arch: x86_64
2022-03-06 14:13:26.899  INFO 95117 --- [       Thread-5] o.s.b.a.mongo.embedded.EmbeddedMongo     : 2022-03-06T14:13:26.898+0100 I CONTROL  [initandlisten] options: { net: { bindIp: "127.0.0.1", http: { enabled: false }, port: 64395 }, security: { authorization: "disabled" }, storage: { dbPath: "/var/folders/gr/s0326c295y702kjkm4_nvc940000gn/T/embedmongo-db-c2fc69f5-383e-413d-bf82-488475394047", journal: { enabled: false }, mmapv1: { preallocDataFiles: false, smallFiles: true }, syncPeriodSecs: 0.0 } }
2022-03-06 14:13:26.900  INFO 95117 --- [       Thread-5] o.s.b.a.mongo.embedded.EmbeddedMongo     : 2022-03-06T14:13:26.899+0100 I STORAGE  [initandlisten] wiredtiger_open config: create,cache_size=7680M,session_max=20000,eviction=(threads_min=4,threads_max=4),config_base=false,statistics=(fast),log=(enabled=true,archive=true,path=journal,compressor=snappy),file_manager=(close_idle_time=100000),checkpoint=(wait=0,log_size=2GB),statistics_log=(wait=0),verbose=(recovery_progress),,log=(enabled=false),
2022-03-06 14:13:27.280  INFO 95117 --- [       Thread-5] o.s.b.a.mongo.embedded.EmbeddedMongo     : 2022-03-06T14:13:27.280+0100 W STORAGE  [initandlisten] Detected configuration for non-active storage engine mmapv1 when current storage engine is wiredTiger
2022-03-06 14:13:27.281  INFO 95117 --- [       Thread-5] o.s.b.a.mongo.embedded.EmbeddedMongo     : 2022-03-06T14:13:27.280+0100 I CONTROL  [initandlisten] 
2022-03-06 14:13:27.281  INFO 95117 --- [       Thread-5] o.s.b.a.mongo.embedded.EmbeddedMongo     : 2022-03-06T14:13:27.280+0100 I CONTROL  [initandlisten] ** NOTE: This is a development version (3.5.5) of MongoDB.
2022-03-06 14:13:27.281  INFO 95117 --- [       Thread-5] o.s.b.a.mongo.embedded.EmbeddedMongo     : 2022-03-06T14:13:27.280+0100 I CONTROL  [initandlisten] **       Not recommended for production.
2022-03-06 14:13:27.281  INFO 95117 --- [       Thread-5] o.s.b.a.mongo.embedded.EmbeddedMongo     : 2022-03-06T14:13:27.280+0100 I CONTROL  [initandlisten] 
2022-03-06 14:13:27.448  INFO 95117 --- [       Thread-5] o.s.b.a.mongo.embedded.EmbeddedMongo     : 2022-03-06T14:13:27.448+0100 I FTDC     [initandlisten] Initializing full-time diagnostic data capture with directory '/var/folders/gr/s0326c295y702kjkm4_nvc940000gn/T/embedmongo-db-c2fc69f5-383e-413d-bf82-488475394047/diagnostic.data'
2022-03-06 14:13:27.696  INFO 95117 --- [       Thread-5] o.s.b.a.mongo.embedded.EmbeddedMongo     : 2022-03-06T14:13:27.696+0100 I INDEX    [initandlisten] build index on: admin.system.version properties: { v: 2, key: { version: 1 }, name: "incompatible_with_version_32", ns: "admin.system.version" }
2022-03-06 14:13:27.696  INFO 95117 --- [       Thread-5] o.s.b.a.mongo.embedded.EmbeddedMongo     : 2022-03-06T14:13:27.696+0100 I INDEX    [initandlisten] 	 building index using bulk method; build may temporarily use up to 500 megabytes of RAM
2022-03-06 14:13:27.717  INFO 95117 --- [       Thread-5] o.s.b.a.mongo.embedded.EmbeddedMongo     : 2022-03-06T14:13:27.717+0100 I INDEX    [initandlisten] build index done.  scanned 0 total records. 0 secs
2022-03-06 14:13:27.718  INFO 95117 --- [       Thread-5] o.s.b.a.mongo.embedded.EmbeddedMongo     : 2022-03-06T14:13:27.718+0100 I COMMAND  [initandlisten] setting featureCompatibilityVersion to 3.4
2022-03-06 14:13:27.718  INFO 95117 --- [       Thread-5] o.s.b.a.mongo.embedded.EmbeddedMongo     : 2022-03-06T14:13:27.718+0100 I NETWORK  [thread1] waiting for connections on port 64395
2022-03-06 14:13:27.718  INFO 95117 --- [    Test worker] d.f.embed.mongo.MongodExecutable         : start MongodConfig{version=Version{3.5.5}, timeout=de.flapdoodle.embed.mongo.config.Timeout@34c53688, net=de.flapdoodle.embed.mongo.config.Net@6ffd4c0d, cmdOptions=MongoCmdOptions{syncDelay=0, useDefaultSyncDelay=false, isVerbose=false, useNoPrealloc=true, useSmallFiles=true, useNoJournal=true, enableTextSearch=false, auth=false, master=false}, password=, userName=, replication=de.flapdoodle.embed.mongo.config.Storage@74c9e11, isConfigServer=false, isShardServer=false, processListener=de.flapdoodle.embed.mongo.config.processlistener.NoopProcessListener@9fe720a, params={}, args={}, pidFile=mongod.pid, supportConfig=de.flapdoodle.embed.mongo.config.SupportConfig@149274cb}
2022-03-06 14:13:27.819  INFO 95117 --- [    Test worker] org.mongodb.driver.cluster               : Cluster created with settings {hosts=[localhost:64395], mode=SINGLE, requiredClusterType=UNKNOWN, serverSelectionTimeout='30000 ms'}
2022-03-06 14:13:27.933  INFO 95117 --- [       Thread-5] o.s.b.a.mongo.embedded.EmbeddedMongo     : 2022-03-06T14:13:27.933+0100 I NETWORK  [thread1] connection accepted from 127.0.0.1:64405 #1 (1 connection now open)
2022-03-06 14:13:27.933  INFO 95117 --- [       Thread-5] o.s.b.a.mongo.embedded.EmbeddedMongo     : 2022-03-06T14:13:27.933+0100 I NETWORK  [thread1] connection accepted from 127.0.0.1:64406 #2 (2 connections now open)
2022-03-06 14:13:27.982  INFO 95117 --- [       Thread-5] o.s.b.a.mongo.embedded.EmbeddedMongo     : 2022-03-06T14:13:27.982+0100 I NETWORK  [conn1] received client metadata from 127.0.0.1:64405 conn1: { driver: { name: "mongo-java-driver|reactive-streams|spring-boot", version: "4.2.3" }, os: { type: "Darwin", name: "Mac OS X", architecture: "x86_64", version: "11.3" }, platform: "Java/AdoptOpenJDK/11.0.11+9" }
2022-03-06 14:13:27.984  INFO 95117 --- [       Thread-5] o.s.b.a.mongo.embedded.EmbeddedMongo     : 2022-03-06T14:13:27.984+0100 I NETWORK  [conn2] received client metadata from 127.0.0.1:64406 conn2: { driver: { name: "mongo-java-driver|reactive-streams|spring-boot", version: "4.2.3" }, os: { type: "Darwin", name: "Mac OS X", architecture: "x86_64", version: "11.3" }, platform: "Java/AdoptOpenJDK/11.0.11+9" }
2022-03-06 14:13:28.036  INFO 95117 --- [localhost:64395] org.mongodb.driver.connection            : Opened connection [connectionId{localValue:1, serverValue:2}] to localhost:64395
2022-03-06 14:13:28.036  INFO 95117 --- [localhost:64395] org.mongodb.driver.connection            : Opened connection [connectionId{localValue:2, serverValue:1}] to localhost:64395
2022-03-06 14:13:28.036  INFO 95117 --- [localhost:64395] org.mongodb.driver.cluster               : Monitor thread successfully connected to server with description ServerDescription{address=localhost:64395, type=STANDALONE, state=CONNECTED, ok=true, minWireVersion=0, maxWireVersion=5, maxDocumentSize=16777216, logicalSessionTimeoutMinutes=null, roundTripTimeNanos=96223499}
2022-03-06 14:13:28.619  INFO 95117 --- [    Test worker] o.s.b.web.embedded.netty.NettyWebServer  : Netty started on port 64407
2022-03-06 14:13:28.627  INFO 95117 --- [    Test worker] c.r.controller.MoviesInfoControllerTest  : Started MoviesInfoControllerTest in 3.796 seconds (JVM running for 4.845)
2022-03-06 14:13:29.003  INFO 95117 --- [       Thread-5] o.s.b.a.mongo.embedded.EmbeddedMongo     : 2022-03-06T14:13:29.003+0100 I NETWORK  [thread1] connection accepted from 127.0.0.1:64408 #3 (3 connections now open)
2022-03-06 14:13:29.016  INFO 95117 --- [       Thread-5] o.s.b.a.mongo.embedded.EmbeddedMongo     : 2022-03-06T14:13:29.016+0100 I NETWORK  [conn3] received client metadata from 127.0.0.1:64408 conn3: { driver: { name: "mongo-java-driver|reactive-streams|spring-boot", version: "4.2.3" }, os: { type: "Darwin", name: "Mac OS X", architecture: "x86_64", version: "11.3" }, platform: "Java/AdoptOpenJDK/11.0.11+9" }
2022-03-06 14:13:29.018  INFO 95117 --- [       Thread-5] o.s.b.a.mongo.embedded.EmbeddedMongo     : 2022-03-06T14:13:29.018+0100 I NETWORK  [thread1] connection accepted from 127.0.0.1:64409 #4 (4 connections now open)
2022-03-06 14:13:29.019  INFO 95117 --- [       Thread-5] o.s.b.a.mongo.embedded.EmbeddedMongo     : 2022-03-06T14:13:29.019+0100 I NETWORK  [conn4] received client metadata from 127.0.0.1:64409 conn4: { driver: { name: "mongo-java-driver|reactive-streams|spring-boot", version: "4.2.3" }, os: { type: "Darwin", name: "Mac OS X", architecture: "x86_64", version: "11.3" }, platform: "Java/AdoptOpenJDK/11.0.11+9" }
2022-03-06 14:13:29.021  INFO 95117 --- [       Thread-5] o.s.b.a.mongo.embedded.EmbeddedMongo     : 2022-03-06T14:13:29.021+0100 I NETWORK  [thread1] connection accepted from 127.0.0.1:64410 #5 (5 connections now open)
2022-03-06 14:13:29.022  INFO 95117 --- [       Thread-5] o.s.b.a.mongo.embedded.EmbeddedMongo     : 2022-03-06T14:13:29.022+0100 I NETWORK  [conn5] received client metadata from 127.0.0.1:64410 conn5: { driver: { name: "mongo-java-driver|reactive-streams|spring-boot", version: "4.2.3" }, os: { type: "Darwin", name: "Mac OS X", architecture: "x86_64", version: "11.3" }, platform: "Java/AdoptOpenJDK/11.0.11+9" }
2022-03-06 14:13:29.023  INFO 95117 --- [ntLoopGroup-3-3] org.mongodb.driver.connection            : Opened connection [connectionId{localValue:3, serverValue:3}] to localhost:64395
2022-03-06 14:13:29.023  INFO 95117 --- [ntLoopGroup-3-4] org.mongodb.driver.connection            : Opened connection [connectionId{localValue:4, serverValue:4}] to localhost:64395
2022-03-06 14:13:29.024  INFO 95117 --- [ntLoopGroup-3-5] org.mongodb.driver.connection            : Opened connection [connectionId{localValue:5, serverValue:5}] to localhost:64395
2022-03-06 14:13:29.297  INFO 95117 --- [       Thread-5] o.s.b.a.mongo.embedded.EmbeddedMongo     : 2022-03-06T14:13:29.297+0100 I WRITE    [conn4] update test.movieInfo query: { _id: "efg" } planSummary: IDHACK update: { _id: "efg", name: "The Dark Knight", year: 2008, cast: [ "Christian Bale", "HeathLedger" ], release_date: new Date(1216332000000), _class: "com.reactivespring.domain.MovieInfo" } keysExamined:0 docsExamined:0 nMatched:0 nModified:0 upsert:1 keysInserted:1 numYields:0 locks:{ Global: { acquireCount: { r: 3, w: 3 } }, Database: { acquireCount: { w: 2, W: 1 } }, Collection: { acquireCount: { w: 2 } } } 248ms
2022-03-06 14:13:29.299  INFO 95117 --- [       Thread-5] o.s.b.a.mongo.embedded.EmbeddedMongo     : 2022-03-06T14:13:29.297+0100 I COMMAND  [conn3] command test.movieInfo command: insert { insert: "movieInfo", ordered: true, documents: [ { _id: ObjectId('6224b37887a91062b9aeb076'), name: "Batman Begins", year: 2005, cast: [ "Christian Bale", "Michael Cane" ], release_date: new Date(1118786400000), _class: "com.reactivespring.domain.MovieInfo" } ] } ninserted:1 keysInserted:1 numYields:0 reslen:44 locks:{ Global: { acquireCount: { r: 1, w: 1 } }, Database: { acquireCount: { w: 1 }, acquireWaitCount: { w: 1 }, timeAcquiringMicros: { w: 230342 } }, Collection: { acquireCount: { w: 1 } } } protocol:op_query 230ms
2022-03-06 14:13:29.300  INFO 95117 --- [       Thread-5] o.s.b.a.mongo.embedded.EmbeddedMongo     : 2022-03-06T14:13:29.297+0100 I COMMAND  [conn4] command test.$cmd command: update { update: "movieInfo", ordered: true, updates: [ { q: { _id: "efg" }, u: { _id: "efg", name: "The Dark Knight", year: 2008, cast: [ "Christian Bale", "HeathLedger" ], release_date: new Date(1216332000000), _class: "com.reactivespring.domain.MovieInfo" }, upsert: true } ] } numYields:0 reslen:106 locks:{ Global: { acquireCount: { r: 3, w: 3 } }, Database: { acquireCount: { w: 2, W: 1 } }, Collection: { acquireCount: { w: 2 } } } protocol:op_query 248ms
2022-03-06 14:13:29.300  INFO 95117 --- [       Thread-5] o.s.b.a.mongo.embedded.EmbeddedMongo     : 2022-03-06T14:13:29.297+0100 I WRITE    [conn5] update test.movieInfo query: { _id: "abc" } planSummary: IDHACK update: { _id: "abc", name: "Dark Knight Rises", year: 2008, cast: [ "Christian Bale", "Tom Hardy" ], release_date: new Date(1342735200000), _class: "com.reactivespring.domain.MovieInfo" } keysExamined:0 docsExamined:0 nMatched:0 nModified:0 upsert:1 keysInserted:1 numYields:0 locks:{ Global: { acquireCount: { r: 1, w: 1 } }, Database: { acquireCount: { w: 1 }, acquireWaitCount: { w: 1 }, timeAcquiringMicros: { w: 248380 } }, Collection: { acquireCount: { w: 1 } } } 248ms
2022-03-06 14:13:29.300  INFO 95117 --- [       Thread-5] o.s.b.a.mongo.embedded.EmbeddedMongo     : 2022-03-06T14:13:29.297+0100 I COMMAND  [conn5] command test.$cmd command: update { update: "movieInfo", ordered: true, updates: [ { q: { _id: "abc" }, u: { _id: "abc", name: "Dark Knight Rises", year: 2008, cast: [ "Christian Bale", "Tom Hardy" ], release_date: new Date(1342735200000), _class: "com.reactivespring.domain.MovieInfo" }, upsert: true } ] } numYields:0 reslen:106 locks:{ Global: { acquireCount: { r: 1, w: 1 } }, Database: { acquireCount: { w: 1 }, acquireWaitCount: { w: 1 }, timeAcquiringMicros: { w: 248380 } }, Collection: { acquireCount: { w: 1 } } } protocol:op_query 249ms
]]></system-out>
  <system-err><![CDATA[]]></system-err>
</testsuite>
